01,+ORADATA2/aspprd/datafile/system.304.937666031
02,+ORADATA2/aspprd/datafile/sysaux.310.937666297
03,+ORADATA2/aspprd/datafile/undotbs1.269.937653969
04,+ORADATA2/aspprd/datafile/undotbs2.270.937653969
05,+ORADATA2/aspprd/datafile/users.320.937666397
06,+ORADATA2/aspprd/datafile/rheinenergie.323.937666401
07,+ORADATA2/aspprd/datafile/rheinenergie.324.937666401
08,+ORADATA2/aspprd/datafile/radhub.290.937660637
09,+ORADATA2/aspprd/datafile/wiskionline.303.937665929
10,+ORADATA2/aspprd/datafile/aud.297.937664223
11,+ORADATA2/aspprd/datafile/forecast4all.305.937666109
12,+ORADATA2/aspprd/datafile/mdm4all.302.937665839
13,+ORADATA2/aspprd/datafile/swp.276.937653971
14,+ORADATA2/aspprd/datafile/swp.277.937657097
15,+ORADATA2/aspprd/datafile/srg.312.937666313
16,+ORADATA2/aspprd/datafile/grdc.313.937666317
17,+ORADATA2/aspprd/datafile/naturstrom.300.937665411
18,+ORADATA2/aspprd/datafile/mvv.314.937666327
19,+ORADATA2/aspprd/datafile/esscockpit.301.937665797
20,+ORADATA2/aspprd/datafile/ssuberlin.315.937666359
21,+ORADATA2/aspprd/datafile/efas.271.937653969
22,+ORADATA2/aspprd/datafile/efas.272.937653969
23,+ORADATA2/aspprd/datafile/hannovervppmkidsm.321.937666401
24,+ORADATA2/aspprd/datafile/alliander.291.937663017
25,+ORADATA2/aspprd/datafile/alliander.292.937663443
26,+ORADATA2/aspprd/datafile/hydromaster.273.937653969
27,+ORADATA2/aspprd/datafile/hydromaster.275.937653971
28,+ORADATA2/aspprd/datafile/hydromaster.274.937653969
29,+ORADATA2/aspprd/datafile/hydromaster.278.937657139
30,+ORADATA2/aspprd/datafile/hydromaster.281.937657285
31,+ORADATA2/aspprd/datafile/hydromaster.279.937657175
32,+ORADATA2/aspprd/datafile/hydromaster.282.937657285
33,+ORADATA2/aspprd/datafile/hydromaster.280.937657177
34,+ORADATA2/aspprd/datafile/hydromaster.283.937659125
35,+ORADATA2/aspprd/datafile/hydromaster.284.937659693
36,+ORADATA2/aspprd/datafile/hydromaster.285.937660535
37,+ORADATA2/aspprd/datafile/hydromaster.288.937660581
38,+ORADATA2/aspprd/datafile/hydromaster.287.937660577
39,+ORADATA2/aspprd/datafile/hydromaster.286.937660575
40,+ORADATA2/aspprd/datafile/resoptsaas.309.937666297
41,+ORADATA2/aspprd/datafile/perfstat.319.937666389
42,+ORADATA2/aspprd/datafile/smbsibelvis.306.937666111
43,+ORADATA2/aspprd/datafile/efas.293.937664023
44,+ORADATA2/aspprd/datafile/efas.294.937664151
45,+ORADATA2/aspprd/datafile/efas.295.937664153
46,+ORADATA2/aspprd/datafile/efas.296.937664221
47,+ORADATA2/aspprd/datafile/aud.299.937665239
48,+ORADATA2/aspprd/datafile/radhub.307.937666231
49,+ORADATA2/aspprd/datafile/radhub.311.937666313
50,+ORADATA2/aspprd/datafile/mdmdiv.298.937664293
51,+ORADATA2/aspprd/datafile/engie.289.937660635
52,+ORADATA2/aspprd/datafile/epmp.308.937666233
53,+ORADATA2/aspprd/datafile/kalypso.322.937666401
54,+ORADATA2/aspprd/datafile/undotbs1.316.937666363
55,+ORADATA2/aspprd/datafile/undotbs2.317.937666373
56,+ORADATA2/aspprd/datafile/ltc.318.937666387