01,+ORADATA2/aspprd/datafile/system.259.875098839
02,+ORADATA2/aspprd/datafile/sysaux.260.875098843
03,+ORADATA2/aspprd/datafile/undotbs1.261.875098845
04,+ORADATA2/aspprd/datafile/undotbs2.263.875098855
05,+ORADATA2/aspprd/datafile/users.264.875098857
06,+ORADATA2/aspprd/datafile/rheinenergie.296.877614323
07,+ORADATA2/aspprd/datafile/rheinenergie.297.877614327
08,+ORADATA2/aspprd/datafile/radhub.313.878137173
09,+ORADATA2/aspprd/datafile/wiskionline.314.878203937
10,+ORADATA2/aspprd/datafile/aud.316.878804923
11,+ORADATA2/aspprd/datafile/forecast4all.320.878916159
12,+ORADATA2/aspprd/datafile/mdm4all.323.903106917
13,+ORADATA2/aspprd/datafile/swp.324.879182145
14,+ORADATA2/aspprd/datafile/swp.325.879182147
15,+ORADATA2/aspprd/datafile/srg.326.879182151
16,+ORADATA2/aspprd/datafile/grdc.327.879182155
17,+ORADATA2/aspprd/datafile/naturstrom.328.879182159
18,+ORADATA2/aspprd/datafile/mvv.331.879524449
19,+ORADATA2/aspprd/datafile/esscockpit.333.881408393
20,+ORADATA2/aspprd/datafile/ssuberlin.337.890047353
21,+ORADATA2/aspprd/datafile/efas.341.894792189
22,+ORADATA2/aspprd/datafile/efas.342.894792193
23,+ORADATA2/aspprd/datafile/hannovervppmkidsm.346.898112917
24,+ORADATA2/aspprd/datafile/alliander.360.901452817
25,+ORADATA2/aspprd/datafile/alliander.361.901452853
26,+ORADATA2/aspprd/datafile/hydromaster.339.903458399
27,+ORADATA2/aspprd/datafile/hydromaster.363.903458403
28,+ORADATA2/aspprd/datafile/hydromaster.364.903458407
29,+ORADATA2/aspprd/datafile/hydromaster.365.903458409
30,+ORADATA2/aspprd/datafile/hydromaster.366.903458413
31,+ORADATA2/aspprd/datafile/hydromaster.367.903458417
32,+ORADATA2/aspprd/datafile/hydromaster.368.903458421
33,+ORADATA2/aspprd/datafile/hydromaster.369.903458423
34,+ORADATA2/aspprd/datafile/hydromaster.370.903458427
35,+ORADATA2/aspprd/datafile/hydromaster.371.903458431
36,+ORADATA2/aspprd/datafile/hydromaster.372.903458435
37,+ORADATA2/aspprd/datafile/hydromaster.373.903458439
38,+ORADATA2/aspprd/datafile/hydromaster.374.903458441
39,+ORADATA2/aspprd/datafile/hydromaster.375.903458445
40,+ORADATA2/aspprd/datafile/resoptsaas.382.910459191
41,+ORADATA2/aspprd/datafile/perfstat.383.913298307
42,+ORADATA2/aspprd/datafile/smbsibelvis.385.914512683
43,+ORADATA2/aspprd/datafile/efas.386.914601415
44,+ORADATA2/aspprd/datafile/efas.387.914601419
45,+ORADATA2/aspprd/datafile/efas.388.914601421
46,+ORADATA2/aspprd/datafile/efas.389.914601425
47,+ORADATA2/aspprd/datafile/aud.392.916909995
48,+ORADATA2/aspprd/datafile/radhub.394.920294695
49,+ORADATA2/aspprd/datafile/radhub.395.920294699
50,+ORADATA2/aspprd/datafile/mdmdiv.397.923925749
51,+ORADATA2/aspprd/datafile/engie.414.926669913
52,+ORADATA2/aspprd/datafile/epmp.415.926945727
53,+ORADATA2/aspprd/datafile/kalypso.417.927392145
54,+ORADATA2/aspprd/datafile/undotbs1.420.934048511
55,+ORADATA2/aspprd/datafile/undotbs2.421.934048525
56,+ORADATA2/aspprd/datafile/ltc.422.935938907